c:\users\administrator\desktop\basic_registration\icp_nomal_and_ann\registration\registration\x64\debug\vc141.pdb
c:\users\administrator\desktop\basic_registration\icp_nomal_and_ann\registration\registration\x64\debug\vc141.idb
c:\users\administrator\desktop\basic_registration\icp_nomal_and_ann\registration\registration\x64\debug\vector.obj
c:\users\administrator\desktop\basic_registration\icp_nomal_and_ann\registration\registration\x64\debug\utilmaths.obj
c:\users\administrator\desktop\basic_registration\icp_nomal_and_ann\registration\registration\x64\debug\matrix.obj
c:\users\administrator\desktop\basic_registration\icp_nomal_and_ann\registration\registration\x64\debug\basic_icp_registration.obj
c:\users\administrator\desktop\basic_registration\icp_nomal_and_ann\registration\x64\debug\registration.pdb
c:\users\administrator\desktop\basic_registration\icp_nomal_and_ann\registration\registration\x64\debug\registration.tlog\cl.command.1.tlog
c:\users\administrator\desktop\basic_registration\icp_nomal_and_ann\registration\registration\x64\debug\registration.tlog\cl.read.1.tlog
c:\users\administrator\desktop\basic_registration\icp_nomal_and_ann\registration\registration\x64\debug\registration.tlog\cl.write.1.tlog
c:\users\administrator\desktop\basic_registration\icp_nomal_and_ann\registration\registration\x64\debug\registration.tlog\link-cvtres.read.1.tlog
c:\users\administrator\desktop\basic_registration\icp_nomal_and_ann\registration\registration\x64\debug\registration.tlog\link-cvtres.write.1.tlog
c:\users\administrator\desktop\basic_registration\icp_nomal_and_ann\registration\registration\x64\debug\registration.tlog\link-rc.read.1.tlog
c:\users\administrator\desktop\basic_registration\icp_nomal_and_ann\registration\registration\x64\debug\registration.tlog\link-rc.write.1.tlog
c:\users\administrator\desktop\basic_registration\icp_nomal_and_ann\registration\registration\x64\debug\registration.tlog\link.5976-cvtres.read.1.tlog
c:\users\administrator\desktop\basic_registration\icp_nomal_and_ann\registration\registration\x64\debug\registration.tlog\link.5976-cvtres.write.1.tlog
c:\users\administrator\desktop\basic_registration\icp_nomal_and_ann\registration\registration\x64\debug\registration.tlog\link.5976-rc.read.1.tlog
c:\users\administrator\desktop\basic_registration\icp_nomal_and_ann\registration\registration\x64\debug\registration.tlog\link.5976-rc.write.1.tlog
c:\users\administrator\desktop\basic_registration\icp_nomal_and_ann\registration\registration\x64\debug\registration.tlog\link.5976.read.1.tlog
c:\users\administrator\desktop\basic_registration\icp_nomal_and_ann\registration\registration\x64\debug\registration.tlog\link.5976.write.1.tlog
c:\users\administrator\desktop\basic_registration\icp_nomal_and_ann\registration\registration\x64\debug\registration.tlog\link.command.1.tlog
c:\users\administrator\desktop\basic_registration\icp_nomal_and_ann\registration\registration\x64\debug\registration.tlog\link.read.1.tlog
c:\users\administrator\desktop\basic_registration\icp_nomal_and_ann\registration\registration\x64\debug\registration.tlog\link.write.1.tlog
